2021-08-25T19:37:28+00:00 CRITICAL syntax error, unexpected end of file in /Applications/MAMP/htdocs/starseed/wp-content/themes/starseed/header.php on line 209

2021-08-25T19:37:32+00:00 CRITICAL syntax error, unexpected end of file in /Applications/MAMP/htdocs/starseed/wp-content/themes/starseed/header.php on line 209

2021-08-25T19:50:57+00:00 CRITICAL Uncaught Error: Call to undefined function getl_site_ur() in /Applications/MAMP/htdocs/starseed/wp-content/themes/starseed/header.php:131
Stack trace:
#0 /Applications/MAMP/htdocs/starseed/wp-includes/template.php(770): require_once()
#1 /Applications/MAMP/htdocs/starseed/wp-includes/template.php(716): load_template('/Applications/M...', true, Array)
#2 /Applications/MAMP/htdocs/starseed/wp-includes/general-template.php(48): locate_template(Array, true, true, Array)
#3 /Applications/MAMP/htdocs/starseed/wp-content/themes/starseed/page.php(12): get_header()
#4 /Applications/MAMP/htdocs/starseed/wp-includes/template-loader.php(106): include('/Applications/M...')
#5 /Applications/MAMP/htdocs/starseed/wp-blog-header.php(19): require_once('/Applications/M...')
#6 /Applications/MAMP/htdocs/starseed/index.php(17): require('/Applications/M...')
#7 {main}
  thrown in /Applications/MAMP/htdocs/starseed/wp-content/themes/starseed/header.php on line 131

2021-08-25T19:51:09+00:00 CRITICAL Uncaught Error: Call to undefined function getl_site_ur() in /Applications/MAMP/htdocs/starseed/wp-content/themes/starseed/header.php:131
Stack trace:
#0 /Applications/MAMP/htdocs/starseed/wp-includes/template.php(770): require_once()
#1 /Applications/MAMP/htdocs/starseed/wp-includes/template.php(716): load_template('/Applications/M...', true, Array)
#2 /Applications/MAMP/htdocs/starseed/wp-includes/general-template.php(48): locate_template(Array, true, true, Array)
#3 /Applications/MAMP/htdocs/starseed/wp-content/themes/starseed/page-home.php(17): get_header()
#4 /Applications/MAMP/htdocs/starseed/wp-includes/template-loader.php(106): include('/Applications/M...')
#5 /Applications/MAMP/htdocs/starseed/wp-blog-header.php(19): require_once('/Applications/M...')
#6 /Applications/MAMP/htdocs/starseed/index.php(17): require('/Applications/M...')
#7 {main}
  thrown in /Applications/MAMP/htdocs/starseed/wp-content/themes/starseed/header.php on line 131

2021-08-25T19:51:27+00:00 CRITICAL Uncaught Error: Call to undefined function get_site_ur() in /Applications/MAMP/htdocs/starseed/wp-content/themes/starseed/header.php:131
Stack trace:
#0 /Applications/MAMP/htdocs/starseed/wp-includes/template.php(770): require_once()
#1 /Applications/MAMP/htdocs/starseed/wp-includes/template.php(716): load_template('/Applications/M...', true, Array)
#2 /Applications/MAMP/htdocs/starseed/wp-includes/general-template.php(48): locate_template(Array, true, true, Array)
#3 /Applications/MAMP/htdocs/starseed/wp-content/themes/starseed/page-home.php(17): get_header()
#4 /Applications/MAMP/htdocs/starseed/wp-includes/template-loader.php(106): include('/Applications/M...')
#5 /Applications/MAMP/htdocs/starseed/wp-blog-header.php(19): require_once('/Applications/M...')
#6 /Applications/MAMP/htdocs/starseed/index.php(17): require('/Applications/M...')
#7 {main}
  thrown in /Applications/MAMP/htdocs/starseed/wp-content/themes/starseed/header.php on line 131

